<?xml version="1.0" encoding="UTF-8"?>
<!-- Generated by org.testng.reporters.JUnitReportReporter -->
<testsuite hostname="Kashif" failures="0" tests="1" name="selenium.selenium.lala" time="15.064" errors="0" timestamp="2023-10-23T12:33:58 PKT" skipped="0">
  <testcase classname="selenium.selenium.lala" name="f" time="15.064"/>
</testsuite> <!-- selenium.selenium.lala -->
