<?xml version="1.0" encoding="UTF-8"?>
<!-- Generated by org.testng.reporters.JUnitReportReporter -->
<testsuite hostname="Kashif" failures="0" tests="1" name="selenium.selenium.iframe" time="31.864" errors="0" timestamp="2023-10-25T11:53:45 PKT" skipped="0">
  <testcase classname="selenium.selenium.iframe" name="f" time="31.864"/>
</testsuite> <!-- selenium.selenium.iframe -->
