<?xml version="1.0" encoding="UTF-8"?>
<!-- Generated by org.testng.reporters.JUnitReportReporter -->
<testsuite hostname="Kashif" failures="0" tests="1" name="selenium.selenium.khan" time="14.039" errors="0" timestamp="2023-10-23T12:35:18 PKT" skipped="0">
  <testcase classname="selenium.selenium.khan" name="f" time="14.039"/>
</testsuite> <!-- selenium.selenium.khan -->
