<?xml version="1.0" encoding="UTF-8"?>
<!-- Generated by org.testng.reporters.JUnitReportReporter -->
<testsuite hostname="Kashif" failures="0" tests="1" name="selenium.selenium.JavaScriptPromptExample" time="24.933" errors="0" timestamp="2023-10-25T13:00:42 PKT" skipped="0">
  <testcase classname="selenium.selenium.JavaScriptPromptExample" name="f" time="24.933"/>
</testsuite> <!-- selenium.selenium.JavaScriptPromptExample -->
