<?xml version="1.0" encoding="UTF-8"?>
<!-- Generated by org.testng.reporters.JUnitReportReporter -->
<testsuite hostname="Kashif" failures="0" tests="1" name="selenium.selenium.NewTest" time="15.374" errors="0" timestamp="2023-10-23T12:20:39 PKT" skipped="0">
  <testcase classname="selenium.selenium.NewTest" name="f" time="15.374"/>
</testsuite> <!-- selenium.selenium.NewTest -->
