<?xml version="1.0" encoding="UTF-8"?>
<!-- Generated by org.testng.reporters.JUnitReportReporter -->
<testsuite hostname="Kashif" failures="0" tests="1" name="selenium.selenium.khan" time="17.982" errors="0" timestamp="2023-10-25T11:22:22 PKT" skipped="0">
  <testcase classname="selenium.selenium.khan" name="f" time="17.982"/>
</testsuite> <!-- selenium.selenium.khan -->
