<?xml version="1.0" encoding="UTF-8"?>
<!-- Generated by org.testng.reporters.JUnitReportReporter -->
<testsuite hostname="Kashif" failures="0" tests="1" name="selenium.selenium.JavaScriptAlertExample" time="25.542" errors="0" timestamp="2023-10-25T12:09:45 PKT" skipped="0">
  <testcase classname="selenium.selenium.JavaScriptAlertExample" name="f" time="25.542"/>
</testsuite> <!-- selenium.selenium.JavaScriptAlertExample -->
